{
  "stats": {
    "suites": 11,
    "tests": 11,
    "passes": 0,
    "pending": 0,
    "failures": 11,
    "start": "2021-08-24T19:37:53.025Z",
    "end": "2021-08-24T19:38:04.499Z",
    "duration": 11474,
    "testsRegistered": 22,
    "passPercent": 0,
    "pendingPercent": 0,
    "other": 0,
    "hasOther": false,
    "skipped": 11,
    "hasSkipped": true
  },
  "results": [
    {
      "uuid": "ede2cf3e-83c5-4d3f-9408-09a7a9048ad9",
      "title": "",
      "fullFile": "cypress/integration/project.spec.js",
      "file": "cypress/integration/project.spec.js",
      "beforeHooks": [],
      "afterHooks": [],
      "tests": [],
      "suites": [
        {
          "uuid": "5555871b-8c8e-4276-9845-f39b08e05f64",
          "title": "1 - Adicione uma cor de fundo específica para a página",
          "fullFile": "",
          "file": "",
          "beforeHooks": [],
          "afterHooks": [],
          "tests": [
            {
              "title": "Possuir cor de fundo: rgb(253, 251, 251)",
              "fullTitle": "1 - Adicione uma cor de fundo específica para a página Possuir cor de fundo: rgb(253, 251, 251)",
              "timedOut": null,
              "duration": 204,
              "state": "failed",
              "speed": null,
              "pass": false,
              "fail": true,
              "pending": false,
              "context": null,
              "code": "cy.get('body').should('have.css', 'backgroundColor', 'rgb(253, 251, 251)');",
              "err": {
                "message": "CypressError: `cy.visit()` failed trying to load:\n\n/\n\nWe failed looking for this file at the path:\n\n/home/leandro/trybe/projetos/projeto01/sd-016-b-project-lessons-learned/\n\nThe internal Cypress web server responded with:\n\n  > 404: Not Found\n\nBecause this error occurred during a `before each` hook we are skipping the remaining tests in the current suite: `1 - Adicione uma cor de fun...`",
                "estack": "CypressError: `cy.visit()` failed trying to load:\n\n/\n\nWe failed looking for this file at the path:\n\n/home/leandro/trybe/projetos/projeto01/sd-016-b-project-lessons-learned/\n\nThe internal Cypress web server responded with:\n\n  > 404: Not Found\n\nBecause this error occurred during a `before each` hook we are skipping the remaining tests in the current suite: `1 - Adicione uma cor de fun...`\n    at http://localhost:33307/__cypress/runner/cypress_runner.js:157791:25\n    at visitFailedByErr (http://localhost:33307/__cypress/runner/cypress_runner.js:157162:12)\n    at http://localhost:33307/__cypress/runner/cypress_runner.js:157771:13\n    at tryCatcher (http://localhost:33307/__cypress/runner/cypress_runner.js:10325:23)\n    at Promise._settlePromiseFromHandler (http://localhost:33307/__cypress/runner/cypress_runner.js:8260:31)\n    at Promise._settlePromise (http://localhost:33307/__cypress/runner/cypress_runner.js:8317:18)\n    at Promise._settlePromise0 (http://localhost:33307/__cypress/runner/cypress_runner.js:8362:10)\n    at Promise._settlePromises (http://localhost:33307/__cypress/runner/cypress_runner.js:8438:18)\n    at _drainQueueStep (http://localhost:33307/__cypress/runner/cypress_runner.js:5032:12)\n    at _drainQueue (http://localhost:33307/__cypress/runner/cypress_runner.js:5025:9)\n    at Async.../../node_modules/bluebird/js/release/async.js.Async._drainQueues (http://localhost:33307/__cypress/runner/cypress_runner.js:5041:5)\n    at Async.drainQueues (http://localhost:33307/__cypress/runner/cypress_runner.js:4911:14)\nFrom Your Spec Code:\n    at Context.eval (http://localhost:33307/__cypress/tests?p=cypress/integration/project.spec.js:145:8)",
                "diff": null
              },
              "uuid": "0c2c231a-d499-4f38-b685-9008ca454ec7",
              "parentUUID": "5555871b-8c8e-4276-9845-f39b08e05f64",
              "isHook": false,
              "skipped": false
            }
          ],
          "suites": [],
          "passes": [],
          "failures": [
            "0c2c231a-d499-4f38-b685-9008ca454ec7"
          ],
          "pending": [],
          "skipped": [],
          "duration": 204,
          "root": false,
          "rootEmpty": false,
          "_timeout": 2000
        },
        {
          "uuid": "335e5a4e-ab09-4002-9fdf-9db72da6163b",
          "title": "2 - Adicione uma barra superior com um título",
          "fullFile": "",
          "file": "",
          "beforeHooks": [],
          "afterHooks": [],
          "tests": [
            {
              "title": "A barra deve possuir o ID \"cabecalho\"",
              "fullTitle": "2 - Adicione uma barra superior com um título A barra deve possuir o ID \"cabecalho\"",
              "timedOut": null,
              "duration": 83,
              "state": "failed",
              "speed": null,
              "pass": false,
              "fail": true,
              "pending": false,
              "context": null,
              "code": "(0, _ActionBase.shouldExist)('#cabecalho');",
              "err": {
                "message": "CypressError: `cy.visit()` failed trying to load:\n\n/\n\nWe failed looking for this file at the path:\n\n/home/leandro/trybe/projetos/projeto01/sd-016-b-project-lessons-learned/\n\nThe internal Cypress web server responded with:\n\n  > 404: Not Found\n\nBecause this error occurred during a `before each` hook we are skipping the remaining tests in the current suite: `2 - Adicione uma barra supe...`",
                "estack": "CypressError: `cy.visit()` failed trying to load:\n\n/\n\nWe failed looking for this file at the path:\n\n/home/leandro/trybe/projetos/projeto01/sd-016-b-project-lessons-learned/\n\nThe internal Cypress web server responded with:\n\n  > 404: Not Found\n\nBecause this error occurred during a `before each` hook we are skipping the remaining tests in the current suite: `2 - Adicione uma barra supe...`\n    at http://localhost:33307/__cypress/runner/cypress_runner.js:157791:25\n    at visitFailedByErr (http://localhost:33307/__cypress/runner/cypress_runner.js:157162:12)\n    at http://localhost:33307/__cypress/runner/cypress_runner.js:157771:13\n    at tryCatcher (http://localhost:33307/__cypress/runner/cypress_runner.js:10325:23)\n    at Promise._settlePromiseFromHandler (http://localhost:33307/__cypress/runner/cypress_runner.js:8260:31)\n    at Promise._settlePromise (http://localhost:33307/__cypress/runner/cypress_runner.js:8317:18)\n    at Promise._settlePromise0 (http://localhost:33307/__cypress/runner/cypress_runner.js:8362:10)\n    at Promise._settlePromises (http://localhost:33307/__cypress/runner/cypress_runner.js:8438:18)\n    at _drainQueueStep (http://localhost:33307/__cypress/runner/cypress_runner.js:5032:12)\n    at _drainQueue (http://localhost:33307/__cypress/runner/cypress_runner.js:5025:9)\n    at Async.../../node_modules/bluebird/js/release/async.js.Async._drainQueues (http://localhost:33307/__cypress/runner/cypress_runner.js:5041:5)\n    at Async.drainQueues (http://localhost:33307/__cypress/runner/cypress_runner.js:4911:14)\nFrom Your Spec Code:\n    at Context.eval (http://localhost:33307/__cypress/tests?p=cypress/integration/project.spec.js:153:8)",
                "diff": null
              },
              "uuid": "39910fa3-f109-4623-9730-389a37d81727",
              "parentUUID": "335e5a4e-ab09-4002-9fdf-9db72da6163b",
              "isHook": false,
              "skipped": false
            },
            {
              "title": "A barra superior deve ser fixa no topo da página, com a propriedade top tendo o valor `0`",
              "fullTitle": "2 - Adicione uma barra superior com um título A barra superior deve ser fixa no topo da página, com a propriedade top tendo o valor `0`",
              "timedOut": null,
              "duration": 0,
              "state": "skipped",
              "speed": null,
              "pass": false,
              "fail": false,
              "pending": false,
              "context": null,
              "code": "cy.get('#cabecalho').should('have.css', 'position', 'fixed').should('have.css', 'top', '0px');",
              "err": {},
              "uuid": "3b7fbbfe-2aa8-42b2-b279-70233a7366bf",
              "parentUUID": "335e5a4e-ab09-4002-9fdf-9db72da6163b",
              "isHook": false,
              "skipped": true
            },
            {
              "title": "O título deve estar dentro da barra e possuir o ID \"titulo\", além de ser uma tag \"h1\"",
              "fullTitle": "2 - Adicione uma barra superior com um título O título deve estar dentro da barra e possuir o ID \"titulo\", além de ser uma tag \"h1\"",
              "timedOut": null,
              "duration": 0,
              "state": "skipped",
              "speed": null,
              "pass": false,
              "fail": false,
              "pending": false,
              "context": null,
              "code": "(0, _ActionBase.shouldExist)('#cabecalho h1#titulo');",
              "err": {},
              "uuid": "7669dcd4-5ef1-4acd-aaf3-54bb0d7ea0a8",
              "parentUUID": "335e5a4e-ab09-4002-9fdf-9db72da6163b",
              "isHook": false,
              "skipped": true
            }
          ],
          "suites": [],
          "passes": [],
          "failures": [
            "39910fa3-f109-4623-9730-389a37d81727"
          ],
          "pending": [],
          "skipped": [
            "3b7fbbfe-2aa8-42b2-b279-70233a7366bf",
            "7669dcd4-5ef1-4acd-aaf3-54bb0d7ea0a8"
          ],
          "duration": 83,
          "root": false,
          "rootEmpty": false,
          "_timeout": 2000
        },
        {
          "uuid": "5d861ae7-bbf0-4387-944e-56733395bc8b",
          "title": "3 - Adicione uma foto sua à página",
          "fullFile": "",
          "file": "",
          "beforeHooks": [],
          "afterHooks": [],
          "tests": [
            {
              "title": "A foto deve ser inserida utilizando uma tag img com o ID \"minha_foto\"",
              "fullTitle": "3 - Adicione uma foto sua à página A foto deve ser inserida utilizando uma tag img com o ID \"minha_foto\"",
              "timedOut": null,
              "duration": 250,
              "state": "failed",
              "speed": null,
              "pass": false,
              "fail": true,
              "pending": false,
              "context": null,
              "code": "cy.get('img#minha_foto').should('have.attr', 'src');",
              "err": {
                "message": "CypressError: `cy.visit()` failed trying to load:\n\n/\n\nWe failed looking for this file at the path:\n\n/home/leandro/trybe/projetos/projeto01/sd-016-b-project-lessons-learned/\n\nThe internal Cypress web server responded with:\n\n  > 404: Not Found\n\nBecause this error occurred during a `before each` hook we are skipping the remaining tests in the current suite: `3 - Adicione uma foto sua à...`",
                "estack": "CypressError: `cy.visit()` failed trying to load:\n\n/\n\nWe failed looking for this file at the path:\n\n/home/leandro/trybe/projetos/projeto01/sd-016-b-project-lessons-learned/\n\nThe internal Cypress web server responded with:\n\n  > 404: Not Found\n\nBecause this error occurred during a `before each` hook we are skipping the remaining tests in the current suite: `3 - Adicione uma foto sua à...`\n    at http://localhost:33307/__cypress/runner/cypress_runner.js:157791:25\n    at visitFailedByErr (http://localhost:33307/__cypress/runner/cypress_runner.js:157162:12)\n    at http://localhost:33307/__cypress/runner/cypress_runner.js:157771:13\n    at tryCatcher (http://localhost:33307/__cypress/runner/cypress_runner.js:10325:23)\n    at Promise._settlePromiseFromHandler (http://localhost:33307/__cypress/runner/cypress_runner.js:8260:31)\n    at Promise._settlePromise (http://localhost:33307/__cypress/runner/cypress_runner.js:8317:18)\n    at Promise._settlePromise0 (http://localhost:33307/__cypress/runner/cypress_runner.js:8362:10)\n    at Promise._settlePromises (http://localhost:33307/__cypress/runner/cypress_runner.js:8438:18)\n    at _drainQueueStep (http://localhost:33307/__cypress/runner/cypress_runner.js:5032:12)\n    at _drainQueue (http://localhost:33307/__cypress/runner/cypress_runner.js:5025:9)\n    at Async.../../node_modules/bluebird/js/release/async.js.Async._drainQueues (http://localhost:33307/__cypress/runner/cypress_runner.js:5041:5)\n    at Async.drainQueues (http://localhost:33307/__cypress/runner/cypress_runner.js:4911:14)\nFrom Your Spec Code:\n    at Context.eval (http://localhost:33307/__cypress/tests?p=cypress/integration/project.spec.js:167:8)",
                "diff": null
              },
              "uuid": "d67358be-3f48-47c7-8f86-f3902835a5f4",
              "parentUUID": "5d861ae7-bbf0-4387-944e-56733395bc8b",
              "isHook": false,
              "skipped": false
            }
          ],
          "suites": [],
          "passes": [],
          "failures": [
            "d67358be-3f48-47c7-8f86-f3902835a5f4"
          ],
          "pending": [],
          "skipped": [],
          "duration": 250,
          "root": false,
          "rootEmpty": false,
          "_timeout": 2000
        },
        {
          "uuid": "f5f610ae-eabc-42a8-b344-0e30a7172734",
          "title": "4 - Adicione uma lista de lições aprendidas à página",
          "fullFile": "",
          "file": "",
          "beforeHooks": [],
          "afterHooks": [],
          "tests": [
            {
              "title": "A lista deve ser numerada e possuir o ID \"licoes_aprendidas\"",
              "fullTitle": "4 - Adicione uma lista de lições aprendidas à página A lista deve ser numerada e possuir o ID \"licoes_aprendidas\"",
              "timedOut": null,
              "duration": 162,
              "state": "failed",
              "speed": null,
              "pass": false,
              "fail": true,
              "pending": false,
              "context": null,
              "code": "(0, _ActionBase.shouldExist)('ol#licoes_aprendidas');",
              "err": {
                "message": "CypressError: `cy.visit()` failed trying to load:\n\n/\n\nWe failed looking for this file at the path:\n\n/home/leandro/trybe/projetos/projeto01/sd-016-b-project-lessons-learned/\n\nThe internal Cypress web server responded with:\n\n  > 404: Not Found\n\nBecause this error occurred during a `before each` hook we are skipping the remaining tests in the current suite: `4 - Adicione uma lista de l...`",
                "estack": "CypressError: `cy.visit()` failed trying to load:\n\n/\n\nWe failed looking for this file at the path:\n\n/home/leandro/trybe/projetos/projeto01/sd-016-b-project-lessons-learned/\n\nThe internal Cypress web server responded with:\n\n  > 404: Not Found\n\nBecause this error occurred during a `before each` hook we are skipping the remaining tests in the current suite: `4 - Adicione uma lista de l...`\n    at http://localhost:33307/__cypress/runner/cypress_runner.js:157791:25\n    at visitFailedByErr (http://localhost:33307/__cypress/runner/cypress_runner.js:157162:12)\n    at http://localhost:33307/__cypress/runner/cypress_runner.js:157771:13\n    at tryCatcher (http://localhost:33307/__cypress/runner/cypress_runner.js:10325:23)\n    at Promise._settlePromiseFromHandler (http://localhost:33307/__cypress/runner/cypress_runner.js:8260:31)\n    at Promise._settlePromise (http://localhost:33307/__cypress/runner/cypress_runner.js:8317:18)\n    at Promise._settlePromise0 (http://localhost:33307/__cypress/runner/cypress_runner.js:8362:10)\n    at Promise._settlePromises (http://localhost:33307/__cypress/runner/cypress_runner.js:8438:18)\n    at _drainQueueStep (http://localhost:33307/__cypress/runner/cypress_runner.js:5032:12)\n    at _drainQueue (http://localhost:33307/__cypress/runner/cypress_runner.js:5025:9)\n    at Async.../../node_modules/bluebird/js/release/async.js.Async._drainQueues (http://localhost:33307/__cypress/runner/cypress_runner.js:5041:5)\n    at Async.drainQueues (http://localhost:33307/__cypress/runner/cypress_runner.js:4911:14)\nFrom Your Spec Code:\n    at Context.eval (http://localhost:33307/__cypress/tests?p=cypress/integration/project.spec.js:175:8)",
                "diff": null
              },
              "uuid": "a397611d-2fad-40df-abf7-6e1fe036dee1",
              "parentUUID": "f5f610ae-eabc-42a8-b344-0e30a7172734",
              "isHook": false,
              "skipped": false
            },
            {
              "title": "A lista deve possuir 10 itens",
              "fullTitle": "4 - Adicione uma lista de lições aprendidas à página A lista deve possuir 10 itens",
              "timedOut": null,
              "duration": 0,
              "state": "skipped",
              "speed": null,
              "pass": false,
              "fail": false,
              "pending": false,
              "context": null,
              "code": "cy.get('ol#licoes_aprendidas').find('li').should('have.length', 10);",
              "err": {},
              "uuid": "7880f38b-3dbf-4d54-8cd4-92b0a823711a",
              "parentUUID": "f5f610ae-eabc-42a8-b344-0e30a7172734",
              "isHook": false,
              "skipped": true
            }
          ],
          "suites": [],
          "passes": [],
          "failures": [
            "a397611d-2fad-40df-abf7-6e1fe036dee1"
          ],
          "pending": [],
          "skipped": [
            "7880f38b-3dbf-4d54-8cd4-92b0a823711a"
          ],
          "duration": 162,
          "root": false,
          "rootEmpty": false,
          "_timeout": 2000
        },
        {
          "uuid": "e92623fc-c12c-43d4-bb12-0fbc559bbce3",
          "title": "5 - Crie uma lista de lições que ainda deseja aprender para a página",
          "fullFile": "",
          "file": "",
          "beforeHooks": [],
          "afterHooks": [],
          "tests": [
            {
              "title": "A lista não deve ser numerada e deve possuir o ID \"licoes_a_aprender\"",
              "fullTitle": "5 - Crie uma lista de lições que ainda deseja aprender para a página A lista não deve ser numerada e deve possuir o ID \"licoes_a_aprender\"",
              "timedOut": null,
              "duration": 92,
              "state": "failed",
              "speed": null,
              "pass": false,
              "fail": true,
              "pending": false,
              "context": null,
              "code": "(0, _ActionBase.shouldExist)('ul#licoes_a_aprender');",
              "err": {
                "message": "CypressError: `cy.visit()` failed trying to load:\n\n/\n\nWe failed looking for this file at the path:\n\n/home/leandro/trybe/projetos/projeto01/sd-016-b-project-lessons-learned/\n\nThe internal Cypress web server responded with:\n\n  > 404: Not Found\n\nBecause this error occurred during a `before each` hook we are skipping the remaining tests in the current suite: `5 - Crie uma lista de liçõe...`",
                "estack": "CypressError: `cy.visit()` failed trying to load:\n\n/\n\nWe failed looking for this file at the path:\n\n/home/leandro/trybe/projetos/projeto01/sd-016-b-project-lessons-learned/\n\nThe internal Cypress web server responded with:\n\n  > 404: Not Found\n\nBecause this error occurred during a `before each` hook we are skipping the remaining tests in the current suite: `5 - Crie uma lista de liçõe...`\n    at http://localhost:33307/__cypress/runner/cypress_runner.js:157791:25\n    at visitFailedByErr (http://localhost:33307/__cypress/runner/cypress_runner.js:157162:12)\n    at http://localhost:33307/__cypress/runner/cypress_runner.js:157771:13\n    at tryCatcher (http://localhost:33307/__cypress/runner/cypress_runner.js:10325:23)\n    at Promise._settlePromiseFromHandler (http://localhost:33307/__cypress/runner/cypress_runner.js:8260:31)\n    at Promise._settlePromise (http://localhost:33307/__cypress/runner/cypress_runner.js:8317:18)\n    at Promise._settlePromise0 (http://localhost:33307/__cypress/runner/cypress_runner.js:8362:10)\n    at Promise._settlePromises (http://localhost:33307/__cypress/runner/cypress_runner.js:8438:18)\n    at _drainQueueStep (http://localhost:33307/__cypress/runner/cypress_runner.js:5032:12)\n    at _drainQueue (http://localhost:33307/__cypress/runner/cypress_runner.js:5025:9)\n    at Async.../../node_modules/bluebird/js/release/async.js.Async._drainQueues (http://localhost:33307/__cypress/runner/cypress_runner.js:5041:5)\n    at Async.drainQueues (http://localhost:33307/__cypress/runner/cypress_runner.js:4911:14)\nFrom Your Spec Code:\n    at Context.eval (http://localhost:33307/__cypress/tests?p=cypress/integration/project.spec.js:186:8)",
                "diff": null
              },
              "uuid": "98b55575-9e29-412b-ab80-fae4c84afe49",
              "parentUUID": "e92623fc-c12c-43d4-bb12-0fbc559bbce3",
              "isHook": false,
              "skipped": false
            },
            {
              "title": "A lista deve possuir 10 itens",
              "fullTitle": "5 - Crie uma lista de lições que ainda deseja aprender para a página A lista deve possuir 10 itens",
              "timedOut": null,
              "duration": 0,
              "state": "skipped",
              "speed": null,
              "pass": false,
              "fail": false,
              "pending": false,
              "context": null,
              "code": "cy.get('ul#licoes_a_aprender').find('li').should('have.length', 10);",
              "err": {},
              "uuid": "ee65bf50-9df3-467c-ba36-fe3b4bebebc7",
              "parentUUID": "e92623fc-c12c-43d4-bb12-0fbc559bbce3",
              "isHook": false,
              "skipped": true
            }
          ],
          "suites": [],
          "passes": [],
          "failures": [
            "98b55575-9e29-412b-ab80-fae4c84afe49"
          ],
          "pending": [],
          "skipped": [
            "ee65bf50-9df3-467c-ba36-fe3b4bebebc7"
          ],
          "duration": 92,
          "root": false,
          "rootEmpty": false,
          "_timeout": 2000
        },
        {
          "uuid": "e15d12cf-2a66-44d5-9854-7a72d00b2d4b",
          "title": "6 - Adicione um rodapé para a página",
          "fullFile": "",
          "file": "",
          "beforeHooks": [],
          "afterHooks": [],
          "tests": [
            {
              "title": "O rodapé deve possuir o ID \"rodape\"",
              "fullTitle": "6 - Adicione um rodapé para a página O rodapé deve possuir o ID \"rodape\"",
              "timedOut": null,
              "duration": 49,
              "state": "failed",
              "speed": null,
              "pass": false,
              "fail": true,
              "pending": false,
              "context": null,
              "code": "cy.get('footer#rodape').should('exist');",
              "err": {
                "message": "CypressError: `cy.visit()` failed trying to load:\n\n/\n\nWe failed looking for this file at the path:\n\n/home/leandro/trybe/projetos/projeto01/sd-016-b-project-lessons-learned/\n\nThe internal Cypress web server responded with:\n\n  > 404: Not Found\n\nBecause this error occurred during a `before each` hook we are skipping the remaining tests in the current suite: `6 - Adicione um rodapé para...`",
                "estack": "CypressError: `cy.visit()` failed trying to load:\n\n/\n\nWe failed looking for this file at the path:\n\n/home/leandro/trybe/projetos/projeto01/sd-016-b-project-lessons-learned/\n\nThe internal Cypress web server responded with:\n\n  > 404: Not Found\n\nBecause this error occurred during a `before each` hook we are skipping the remaining tests in the current suite: `6 - Adicione um rodapé para...`\n    at http://localhost:33307/__cypress/runner/cypress_runner.js:157791:25\n    at visitFailedByErr (http://localhost:33307/__cypress/runner/cypress_runner.js:157162:12)\n    at http://localhost:33307/__cypress/runner/cypress_runner.js:157771:13\n    at tryCatcher (http://localhost:33307/__cypress/runner/cypress_runner.js:10325:23)\n    at Promise._settlePromiseFromHandler (http://localhost:33307/__cypress/runner/cypress_runner.js:8260:31)\n    at Promise._settlePromise (http://localhost:33307/__cypress/runner/cypress_runner.js:8317:18)\n    at Promise._settlePromise0 (http://localhost:33307/__cypress/runner/cypress_runner.js:8362:10)\n    at Promise._settlePromises (http://localhost:33307/__cypress/runner/cypress_runner.js:8438:18)\n    at _drainQueueStep (http://localhost:33307/__cypress/runner/cypress_runner.js:5032:12)\n    at _drainQueue (http://localhost:33307/__cypress/runner/cypress_runner.js:5025:9)\n    at Async.../../node_modules/bluebird/js/release/async.js.Async._drainQueues (http://localhost:33307/__cypress/runner/cypress_runner.js:5041:5)\n    at Async.drainQueues (http://localhost:33307/__cypress/runner/cypress_runner.js:4911:14)\nFrom Your Spec Code:\n    at Context.eval (http://localhost:33307/__cypress/tests?p=cypress/integration/project.spec.js:197:8)",
                "diff": null
              },
              "uuid": "f53069a8-e5d3-44d8-9f3b-aa2807614a24",
              "parentUUID": "e15d12cf-2a66-44d5-9854-7a72d00b2d4b",
              "isHook": false,
              "skipped": false
            }
          ],
          "suites": [],
          "passes": [],
          "failures": [
            "f53069a8-e5d3-44d8-9f3b-aa2807614a24"
          ],
          "pending": [],
          "skipped": [],
          "duration": 49,
          "root": false,
          "rootEmpty": false,
          "_timeout": 2000
        },
        {
          "uuid": "77c9f84e-94d3-4120-a2de-db55b21eb12a",
          "title": "7 - Insira pelo menos um link externo na página",
          "fullFile": "",
          "file": "",
          "beforeHooks": [],
          "afterHooks": [],
          "tests": [
            {
              "title": "A configuração desse link deve ser feita para abrir em uma nova aba do navegador",
              "fullTitle": "7 - Insira pelo menos um link externo na página A configuração desse link deve ser feita para abrir em uma nova aba do navegador",
              "timedOut": null,
              "duration": 146,
              "state": "failed",
              "speed": null,
              "pass": false,
              "fail": true,
              "pending": false,
              "context": null,
              "code": "cy.get('a').then(function (a) {\n  var actual = Array.from(a).some(function (element) {\n    return element.target === '_blank' && element.href !== '';\n  });\n  expect(actual).to.be[\"true\"];\n});",
              "err": {
                "message": "CypressError: `cy.visit()` failed trying to load:\n\n/\n\nWe failed looking for this file at the path:\n\n/home/leandro/trybe/projetos/projeto01/sd-016-b-project-lessons-learned/\n\nThe internal Cypress web server responded with:\n\n  > 404: Not Found\n\nBecause this error occurred during a `before each` hook we are skipping the remaining tests in the current suite: `7 - Insira pelo menos um li...`",
                "estack": "CypressError: `cy.visit()` failed trying to load:\n\n/\n\nWe failed looking for this file at the path:\n\n/home/leandro/trybe/projetos/projeto01/sd-016-b-project-lessons-learned/\n\nThe internal Cypress web server responded with:\n\n  > 404: Not Found\n\nBecause this error occurred during a `before each` hook we are skipping the remaining tests in the current suite: `7 - Insira pelo menos um li...`\n    at http://localhost:33307/__cypress/runner/cypress_runner.js:157791:25\n    at visitFailedByErr (http://localhost:33307/__cypress/runner/cypress_runner.js:157162:12)\n    at http://localhost:33307/__cypress/runner/cypress_runner.js:157771:13\n    at tryCatcher (http://localhost:33307/__cypress/runner/cypress_runner.js:10325:23)\n    at Promise._settlePromiseFromHandler (http://localhost:33307/__cypress/runner/cypress_runner.js:8260:31)\n    at Promise._settlePromise (http://localhost:33307/__cypress/runner/cypress_runner.js:8317:18)\n    at Promise._settlePromise0 (http://localhost:33307/__cypress/runner/cypress_runner.js:8362:10)\n    at Promise._settlePromises (http://localhost:33307/__cypress/runner/cypress_runner.js:8438:18)\n    at _drainQueueStep (http://localhost:33307/__cypress/runner/cypress_runner.js:5032:12)\n    at _drainQueue (http://localhost:33307/__cypress/runner/cypress_runner.js:5025:9)\n    at Async.../../node_modules/bluebird/js/release/async.js.Async._drainQueues (http://localhost:33307/__cypress/runner/cypress_runner.js:5041:5)\n    at Async.drainQueues (http://localhost:33307/__cypress/runner/cypress_runner.js:4911:14)\nFrom Your Spec Code:\n    at Context.eval (http://localhost:33307/__cypress/tests?p=cypress/integration/project.spec.js:205:8)",
                "diff": null
              },
              "uuid": "7db07750-8900-454e-bdca-3b972cddbc2c",
              "parentUUID": "77c9f84e-94d3-4120-a2de-db55b21eb12a",
              "isHook": false,
              "skipped": false
            }
          ],
          "suites": [],
          "passes": [],
          "failures": [
            "7db07750-8900-454e-bdca-3b972cddbc2c"
          ],
          "pending": [],
          "skipped": [],
          "duration": 146,
          "root": false,
          "rootEmpty": false,
          "_timeout": 2000
        },
        {
          "uuid": "614696dc-78a6-419f-a1d0-27640ecc3d47",
          "title": "8 - Crie um artigo sobre seu aprendizado",
          "fullFile": "",
          "file": "",
          "beforeHooks": [],
          "afterHooks": [],
          "tests": [
            {
              "title": "A `tag` `article` devem ser utilizadas",
              "fullTitle": "8 - Crie um artigo sobre seu aprendizado A `tag` `article` devem ser utilizadas",
              "timedOut": null,
              "duration": 67,
              "state": "failed",
              "speed": null,
              "pass": false,
              "fail": true,
              "pending": false,
              "context": null,
              "code": "(0, _ActionBase.shouldExist)('article');",
              "err": {
                "message": "CypressError: `cy.visit()` failed trying to load:\n\n/\n\nWe failed looking for this file at the path:\n\n/home/leandro/trybe/projetos/projeto01/sd-016-b-project-lessons-learned/\n\nThe internal Cypress web server responded with:\n\n  > 404: Not Found\n\nBecause this error occurred during a `before each` hook we are skipping the remaining tests in the current suite: `8 - Crie um artigo sobre se...`",
                "estack": "CypressError: `cy.visit()` failed trying to load:\n\n/\n\nWe failed looking for this file at the path:\n\n/home/leandro/trybe/projetos/projeto01/sd-016-b-project-lessons-learned/\n\nThe internal Cypress web server responded with:\n\n  > 404: Not Found\n\nBecause this error occurred during a `before each` hook we are skipping the remaining tests in the current suite: `8 - Crie um artigo sobre se...`\n    at http://localhost:33307/__cypress/runner/cypress_runner.js:157791:25\n    at visitFailedByErr (http://localhost:33307/__cypress/runner/cypress_runner.js:157162:12)\n    at http://localhost:33307/__cypress/runner/cypress_runner.js:157771:13\n    at tryCatcher (http://localhost:33307/__cypress/runner/cypress_runner.js:10325:23)\n    at Promise._settlePromiseFromHandler (http://localhost:33307/__cypress/runner/cypress_runner.js:8260:31)\n    at Promise._settlePromise (http://localhost:33307/__cypress/runner/cypress_runner.js:8317:18)\n    at Promise._settlePromise0 (http://localhost:33307/__cypress/runner/cypress_runner.js:8362:10)\n    at Promise._settlePromises (http://localhost:33307/__cypress/runner/cypress_runner.js:8438:18)\n    at _drainQueueStep (http://localhost:33307/__cypress/runner/cypress_runner.js:5032:12)\n    at _drainQueue (http://localhost:33307/__cypress/runner/cypress_runner.js:5025:9)\n    at Async.../../node_modules/bluebird/js/release/async.js.Async._drainQueues (http://localhost:33307/__cypress/runner/cypress_runner.js:5041:5)\n    at Async.drainQueues (http://localhost:33307/__cypress/runner/cypress_runner.js:4911:14)\nFrom Your Spec Code:\n    at Context.eval (http://localhost:33307/__cypress/tests?p=cypress/integration/project.spec.js:218:8)",
                "diff": null
              },
              "uuid": "f34e657c-e980-4045-876c-fc403c8414ef",
              "parentUUID": "614696dc-78a6-419f-a1d0-27640ecc3d47",
              "isHook": false,
              "skipped": false
            },
            {
              "title": "O artigo deve ter mais de 300 caracteres e menos de 600",
              "fullTitle": "8 - Crie um artigo sobre seu aprendizado O artigo deve ter mais de 300 caracteres e menos de 600",
              "timedOut": null,
              "duration": 0,
              "state": "skipped",
              "speed": null,
              "pass": false,
              "fail": false,
              "pending": false,
              "context": null,
              "code": "cy.get('article').invoke('text').then(function (text) {\n  expect(text).to.have.length.of.at.most(600);\n  expect(text).to.have.length.of.at.above(300);\n});",
              "err": {},
              "uuid": "5418a314-2437-4306-b675-066f762be5ba",
              "parentUUID": "614696dc-78a6-419f-a1d0-27640ecc3d47",
              "isHook": false,
              "skipped": true
            }
          ],
          "suites": [],
          "passes": [],
          "failures": [
            "f34e657c-e980-4045-876c-fc403c8414ef"
          ],
          "pending": [],
          "skipped": [
            "5418a314-2437-4306-b675-066f762be5ba"
          ],
          "duration": 67,
          "root": false,
          "rootEmpty": false,
          "_timeout": 2000
        },
        {
          "uuid": "8a6e1176-6afe-4a5b-b758-3215737738bb",
          "title": "9 - Crie uma seção que conta uma passagem sobre seu aprendizado",
          "fullFile": "",
          "file": "",
          "beforeHooks": [],
          "afterHooks": [],
          "tests": [
            {
              "title": "A `tag` `aside` deve ser utilizada",
              "fullTitle": "9 - Crie uma seção que conta uma passagem sobre seu aprendizado A `tag` `aside` deve ser utilizada",
              "timedOut": null,
              "duration": 174,
              "state": "failed",
              "speed": null,
              "pass": false,
              "fail": true,
              "pending": false,
              "context": null,
              "code": "(0, _ActionBase.shouldExist)('aside');",
              "err": {
                "message": "CypressError: `cy.visit()` failed trying to load:\n\n/\n\nWe failed looking for this file at the path:\n\n/home/leandro/trybe/projetos/projeto01/sd-016-b-project-lessons-learned/\n\nThe internal Cypress web server responded with:\n\n  > 404: Not Found\n\nBecause this error occurred during a `before each` hook we are skipping the remaining tests in the current suite: `9 - Crie uma seção que cont...`",
                "estack": "CypressError: `cy.visit()` failed trying to load:\n\n/\n\nWe failed looking for this file at the path:\n\n/home/leandro/trybe/projetos/projeto01/sd-016-b-project-lessons-learned/\n\nThe internal Cypress web server responded with:\n\n  > 404: Not Found\n\nBecause this error occurred during a `before each` hook we are skipping the remaining tests in the current suite: `9 - Crie uma seção que cont...`\n    at http://localhost:33307/__cypress/runner/cypress_runner.js:157791:25\n    at visitFailedByErr (http://localhost:33307/__cypress/runner/cypress_runner.js:157162:12)\n    at http://localhost:33307/__cypress/runner/cypress_runner.js:157771:13\n    at tryCatcher (http://localhost:33307/__cypress/runner/cypress_runner.js:10325:23)\n    at Promise._settlePromiseFromHandler (http://localhost:33307/__cypress/runner/cypress_runner.js:8260:31)\n    at Promise._settlePromise (http://localhost:33307/__cypress/runner/cypress_runner.js:8317:18)\n    at Promise._settlePromise0 (http://localhost:33307/__cypress/runner/cypress_runner.js:8362:10)\n    at Promise._settlePromises (http://localhost:33307/__cypress/runner/cypress_runner.js:8438:18)\n    at _drainQueueStep (http://localhost:33307/__cypress/runner/cypress_runner.js:5032:12)\n    at _drainQueue (http://localhost:33307/__cypress/runner/cypress_runner.js:5025:9)\n    at Async.../../node_modules/bluebird/js/release/async.js.Async._drainQueues (http://localhost:33307/__cypress/runner/cypress_runner.js:5041:5)\n    at Async.drainQueues (http://localhost:33307/__cypress/runner/cypress_runner.js:4911:14)\nFrom Your Spec Code:\n    at Context.eval (http://localhost:33307/__cypress/tests?p=cypress/integration/project.spec.js:232:8)",
                "diff": null
              },
              "uuid": "40a8bfef-364c-4814-8ae3-c5a0498001ad",
              "parentUUID": "8a6e1176-6afe-4a5b-b758-3215737738bb",
              "isHook": false,
              "skipped": false
            },
            {
              "title": "A seção deve ter mais que 100 caracteres e menos que 300",
              "fullTitle": "9 - Crie uma seção que conta uma passagem sobre seu aprendizado A seção deve ter mais que 100 caracteres e menos que 300",
              "timedOut": null,
              "duration": 0,
              "state": "skipped",
              "speed": null,
              "pass": false,
              "fail": false,
              "pending": false,
              "context": null,
              "code": "cy.get('aside').invoke('text').then(function (text) {\n  expect(text).to.have.length.of.at.above(100);\n  expect(text).to.have.length.of.at.most(300);\n});",
              "err": {},
              "uuid": "aeb4a266-99fb-42a0-b324-e6d5b3316239",
              "parentUUID": "8a6e1176-6afe-4a5b-b758-3215737738bb",
              "isHook": false,
              "skipped": true
            }
          ],
          "suites": [],
          "passes": [],
          "failures": [
            "40a8bfef-364c-4814-8ae3-c5a0498001ad"
          ],
          "pending": [],
          "skipped": [
            "aeb4a266-99fb-42a0-b324-e6d5b3316239"
          ],
          "duration": 174,
          "root": false,
          "rootEmpty": false,
          "_timeout": 2000
        },
        {
          "uuid": "9d91c586-9ab7-425a-8a8b-dbb144d107c7",
          "title": "10 - Aplique elementos HTML de acordo com o sentido e propósito de cada um deles",
          "fullFile": "",
          "file": "",
          "beforeHooks": [],
          "afterHooks": [],
          "tests": [
            {
              "title": "Validar se a página possui um elemento \"article\"",
              "fullTitle": "10 - Aplique elementos HTML de acordo com o sentido e propósito de cada um deles Validar se a página possui um elemento \"article\"",
              "timedOut": null,
              "duration": 87,
              "state": "failed",
              "speed": null,
              "pass": false,
              "fail": true,
              "pending": false,
              "context": null,
              "code": "(0, _ActionBase.shouldExist)('article');",
              "err": {
                "message": "CypressError: `cy.visit()` failed trying to load:\n\n/\n\nWe failed looking for this file at the path:\n\n/home/leandro/trybe/projetos/projeto01/sd-016-b-project-lessons-learned/\n\nThe internal Cypress web server responded with:\n\n  > 404: Not Found\n\nBecause this error occurred during a `before each` hook we are skipping the remaining tests in the current suite: `10 - Aplique elementos HTML...`",
                "estack": "CypressError: `cy.visit()` failed trying to load:\n\n/\n\nWe failed looking for this file at the path:\n\n/home/leandro/trybe/projetos/projeto01/sd-016-b-project-lessons-learned/\n\nThe internal Cypress web server responded with:\n\n  > 404: Not Found\n\nBecause this error occurred during a `before each` hook we are skipping the remaining tests in the current suite: `10 - Aplique elementos HTML...`\n    at http://localhost:33307/__cypress/runner/cypress_runner.js:157791:25\n    at visitFailedByErr (http://localhost:33307/__cypress/runner/cypress_runner.js:157162:12)\n    at http://localhost:33307/__cypress/runner/cypress_runner.js:157771:13\n    at tryCatcher (http://localhost:33307/__cypress/runner/cypress_runner.js:10325:23)\n    at Promise._settlePromiseFromHandler (http://localhost:33307/__cypress/runner/cypress_runner.js:8260:31)\n    at Promise._settlePromise (http://localhost:33307/__cypress/runner/cypress_runner.js:8317:18)\n    at Promise._settlePromise0 (http://localhost:33307/__cypress/runner/cypress_runner.js:8362:10)\n    at Promise._settlePromises (http://localhost:33307/__cypress/runner/cypress_runner.js:8438:18)\n    at _drainQueueStep (http://localhost:33307/__cypress/runner/cypress_runner.js:5032:12)\n    at _drainQueue (http://localhost:33307/__cypress/runner/cypress_runner.js:5025:9)\n    at Async.../../node_modules/bluebird/js/release/async.js.Async._drainQueues (http://localhost:33307/__cypress/runner/cypress_runner.js:5041:5)\n    at Async.drainQueues (http://localhost:33307/__cypress/runner/cypress_runner.js:4911:14)\nFrom Your Spec Code:\n    at Context.eval (http://localhost:33307/__cypress/tests?p=cypress/integration/project.spec.js:246:8)",
                "diff": null
              },
              "uuid": "0ef22171-c346-4ef8-8d23-4c37b3ead9fb",
              "parentUUID": "9d91c586-9ab7-425a-8a8b-dbb144d107c7",
              "isHook": false,
              "skipped": false
            },
            {
              "title": "Validar se a página possui um elemento \"header\"",
              "fullTitle": "10 - Aplique elementos HTML de acordo com o sentido e propósito de cada um deles Validar se a página possui um elemento \"header\"",
              "timedOut": null,
              "duration": 0,
              "state": "skipped",
              "speed": null,
              "pass": false,
              "fail": false,
              "pending": false,
              "context": null,
              "code": "(0, _ActionBase.shouldExist)('header');",
              "err": {},
              "uuid": "1a928ce8-adc6-4913-bc6a-54dc22844f47",
              "parentUUID": "9d91c586-9ab7-425a-8a8b-dbb144d107c7",
              "isHook": false,
              "skipped": true
            },
            {
              "title": "Validar se a página possui um elemento \"nav\"",
              "fullTitle": "10 - Aplique elementos HTML de acordo com o sentido e propósito de cada um deles Validar se a página possui um elemento \"nav\"",
              "timedOut": null,
              "duration": 0,
              "state": "skipped",
              "speed": null,
              "pass": false,
              "fail": false,
              "pending": false,
              "context": null,
              "code": "(0, _ActionBase.shouldExist)('nav');",
              "err": {},
              "uuid": "4b4a5e71-8dcb-466f-ac70-fd754398b231",
              "parentUUID": "9d91c586-9ab7-425a-8a8b-dbb144d107c7",
              "isHook": false,
              "skipped": true
            },
            {
              "title": "Validar se a página possui um elemento \"section\"",
              "fullTitle": "10 - Aplique elementos HTML de acordo com o sentido e propósito de cada um deles Validar se a página possui um elemento \"section\"",
              "timedOut": null,
              "duration": 0,
              "state": "skipped",
              "speed": null,
              "pass": false,
              "fail": false,
              "pending": false,
              "context": null,
              "code": "(0, _ActionBase.shouldExist)('section');",
              "err": {},
              "uuid": "de4ff4d3-47e7-4d4d-b335-83c693049bbb",
              "parentUUID": "9d91c586-9ab7-425a-8a8b-dbb144d107c7",
              "isHook": false,
              "skipped": true
            },
            {
              "title": "Validar se a página possui um elemento \"aside\"",
              "fullTitle": "10 - Aplique elementos HTML de acordo com o sentido e propósito de cada um deles Validar se a página possui um elemento \"aside\"",
              "timedOut": null,
              "duration": 0,
              "state": "skipped",
              "speed": null,
              "pass": false,
              "fail": false,
              "pending": false,
              "context": null,
              "code": "(0, _ActionBase.shouldExist)('aside');",
              "err": {},
              "uuid": "dcd809e5-598a-4ea3-bfc1-c55a084f2fd7",
              "parentUUID": "9d91c586-9ab7-425a-8a8b-dbb144d107c7",
              "isHook": false,
              "skipped": true
            },
            {
              "title": "Validar se a página possui um elemento \"footer\"",
              "fullTitle": "10 - Aplique elementos HTML de acordo com o sentido e propósito de cada um deles Validar se a página possui um elemento \"footer\"",
              "timedOut": null,
              "duration": 0,
              "state": "skipped",
              "speed": null,
              "pass": false,
              "fail": false,
              "pending": false,
              "context": null,
              "code": "(0, _ActionBase.shouldExist)('footer');",
              "err": {},
              "uuid": "6e11b858-cae8-42d9-ab00-822e993a9704",
              "parentUUID": "9d91c586-9ab7-425a-8a8b-dbb144d107c7",
              "isHook": false,
              "skipped": true
            }
          ],
          "suites": [],
          "passes": [],
          "failures": [
            "0ef22171-c346-4ef8-8d23-4c37b3ead9fb"
          ],
          "pending": [],
          "skipped": [
            "1a928ce8-adc6-4913-bc6a-54dc22844f47",
            "4b4a5e71-8dcb-466f-ac70-fd754398b231",
            "de4ff4d3-47e7-4d4d-b335-83c693049bbb",
            "dcd809e5-598a-4ea3-bfc1-c55a084f2fd7",
            "6e11b858-cae8-42d9-ab00-822e993a9704"
          ],
          "duration": 87,
          "root": false,
          "rootEmpty": false,
          "_timeout": 2000
        },
        {
          "uuid": "e4073dfe-deb3-4339-8022-2b4b8e99f323",
          "title": "11 - Teste a semântica da sua página está aprovada pelo site CodeSniffer",
          "fullFile": "",
          "file": "",
          "beforeHooks": [],
          "afterHooks": [],
          "tests": [
            {
              "title": "Seu site deve passar sem problemas na verificação de semântica do site CodeSniffer",
              "fullTitle": "11 - Teste a semântica da sua página está aprovada pelo site CodeSniffer Seu site deve passar sem problemas na verificação de semântica do site CodeSniffer",
              "timedOut": null,
              "duration": 10037,
              "state": "failed",
              "speed": null,
              "pass": false,
              "fail": true,
              "pending": false,
              "context": null,
              "code": "cy.readFile('./index.html').then(function (content) {\n  cy.visit('http://squizlabs.github.io/HTML_CodeSniffer/');\n  cy.get('#runHTMLCS').click();\n  cy.get('#source').invoke('val', content).trigger('input');\n  cy.get('#run-button').click();\n  cy.get('.result-count-errors').contains(/^0$/);\n});",
              "err": {
                "message": "AssertionError: Timed out retrying: `cy.readFile(\"./index.html\")` failed because the file does not exist at the following path:\n\n`/home/leandro/trybe/projetos/projeto01/sd-016-b-project-lessons-learned/index.html`\n\nhttps://on.cypress.io/readfile",
                "estack": "AssertionError: Timed out retrying: `cy.readFile(\"./index.html\")` failed because the file does not exist at the following path:\n\n`/home/leandro/trybe/projetos/projeto01/sd-016-b-project-lessons-learned/index.html`\n\nhttps://on.cypress.io/readfile\n    at Context.eval (http://localhost:33307/__cypress/tests?p=cypress/integration/project.spec.js:269:8)",
                "diff": null
              },
              "uuid": "4f49bbfc-98d5-42f7-80c2-32fdaa3d6b1d",
              "parentUUID": "e4073dfe-deb3-4339-8022-2b4b8e99f323",
              "isHook": false,
              "skipped": false
            }
          ],
          "suites": [],
          "passes": [],
          "failures": [
            "4f49bbfc-98d5-42f7-80c2-32fdaa3d6b1d"
          ],
          "pending": [],
          "skipped": [],
          "duration": 10037,
          "root": false,
          "rootEmpty": false,
          "_timeout": 2000
        }
      ],
      "passes": [],
      "failures": [],
      "pending": [],
      "skipped": [],
      "duration": 0,
      "root": true,
      "rootEmpty": true,
      "_timeout": 2000
    }
  ],
  "meta": {
    "mocha": {
      "version": "7.0.1"
    },
    "mochawesome": {
      "options": {
        "quiet": false,
        "reportFilename": "mochawesome",
        "saveHtml": false,
        "saveJson": true,
        "consoleReporter": "spec",
        "useInlineDiffs": false
      },
      "version": "4.1.0"
    },
    "marge": {
      "options": {
        "id": "default",
        "reportDir": "cypress/reports",
        "overwrite": false,
        "html": false,
        "json": true
      },
      "version": "4.1.0"
    }
  }
}