{
  "stats": {
    "suites": 4,
    "tests": 4,
    "passes": 0,
    "pending": 0,
    "failures": 4,
    "start": "2021-08-24T19:37:49.094Z",
    "end": "2021-08-24T19:37:49.804Z",
    "duration": 710,
    "testsRegistered": 9,
    "passPercent": 0,
    "pendingPercent": 0,
    "other": 0,
    "hasOther": false,
    "skipped": 5,
    "hasSkipped": true
  },
  "results": [
    {
      "uuid": "9fb3c358-31bd-4195-a58b-be39aaa11ae2",
      "title": "",
      "fullFile": "cypress/integration/bonus.spec.js",
      "file": "cypress/integration/bonus.spec.js",
      "beforeHooks": [],
      "afterHooks": [],
      "tests": [],
      "suites": [
        {
          "uuid": "bf3d0741-22a7-4aea-8a63-1c511a3fb36b",
          "title": "12 - Adicione uma tabela à página",
          "fullFile": "",
          "file": "",
          "beforeHooks": [],
          "afterHooks": [],
          "tests": [
            {
              "title": "A página deve possuir uma tabela",
              "fullTitle": "12 - Adicione uma tabela à página A página deve possuir uma tabela",
              "timedOut": null,
              "duration": 122,
              "state": "failed",
              "speed": null,
              "pass": false,
              "fail": true,
              "pending": false,
              "context": null,
              "code": "(0, _ActionBase.shouldExist)('table');",
              "err": {
                "message": "CypressError: `cy.visit()` failed trying to load:\n\n/\n\nWe failed looking for this file at the path:\n\n/home/leandro/trybe/projetos/projeto01/sd-016-b-project-lessons-learned/\n\nThe internal Cypress web server responded with:\n\n  > 404: Not Found\n\nBecause this error occurred during a `before each` hook we are skipping the remaining tests in the current suite: `12 - Adicione uma tabela à ...`",
                "estack": "CypressError: `cy.visit()` failed trying to load:\n\n/\n\nWe failed looking for this file at the path:\n\n/home/leandro/trybe/projetos/projeto01/sd-016-b-project-lessons-learned/\n\nThe internal Cypress web server responded with:\n\n  > 404: Not Found\n\nBecause this error occurred during a `before each` hook we are skipping the remaining tests in the current suite: `12 - Adicione uma tabela à ...`\n    at http://localhost:33307/__cypress/runner/cypress_runner.js:157791:25\n    at visitFailedByErr (http://localhost:33307/__cypress/runner/cypress_runner.js:157162:12)\n    at http://localhost:33307/__cypress/runner/cypress_runner.js:157771:13\n    at tryCatcher (http://localhost:33307/__cypress/runner/cypress_runner.js:10325:23)\n    at Promise._settlePromiseFromHandler (http://localhost:33307/__cypress/runner/cypress_runner.js:8260:31)\n    at Promise._settlePromise (http://localhost:33307/__cypress/runner/cypress_runner.js:8317:18)\n    at Promise._settlePromise0 (http://localhost:33307/__cypress/runner/cypress_runner.js:8362:10)\n    at Promise._settlePromises (http://localhost:33307/__cypress/runner/cypress_runner.js:8438:18)\n    at _drainQueueStep (http://localhost:33307/__cypress/runner/cypress_runner.js:5032:12)\n    at _drainQueue (http://localhost:33307/__cypress/runner/cypress_runner.js:5025:9)\n    at Async.../../node_modules/bluebird/js/release/async.js.Async._drainQueues (http://localhost:33307/__cypress/runner/cypress_runner.js:5041:5)\n    at Async.drainQueues (http://localhost:33307/__cypress/runner/cypress_runner.js:4911:14)\nFrom Your Spec Code:\n    at Context.eval (http://localhost:33307/__cypress/tests?p=cypress/integration/bonus.spec.js:145:8)",
                "diff": null
              },
              "uuid": "279d01ae-aba4-4207-acc6-a914cea2f9fc",
              "parentUUID": "bf3d0741-22a7-4aea-8a63-1c511a3fb36b",
              "isHook": false,
              "skipped": false
            }
          ],
          "suites": [],
          "passes": [],
          "failures": [
            "279d01ae-aba4-4207-acc6-a914cea2f9fc"
          ],
          "pending": [],
          "skipped": [],
          "duration": 122,
          "root": false,
          "rootEmpty": false,
          "_timeout": 2000
        },
        {
          "uuid": "4306fb66-59d2-4098-9c3d-83fb50171e0b",
          "title": "13 - Utilize o Box model",
          "fullFile": "",
          "file": "",
          "beforeHooks": [],
          "afterHooks": [],
          "tests": [
            {
              "title": "Altere `margin`, `padding` e `border` dos elementos para ver, na prática, como esses atributos influenciam e melhoram a visualização dos componentes",
              "fullTitle": "13 - Utilize o Box model Altere `margin`, `padding` e `border` dos elementos para ver, na prática, como esses atributos influenciam e melhoram a visualização dos componentes",
              "timedOut": null,
              "duration": 165,
              "state": "failed",
              "speed": null,
              "pass": false,
              "fail": true,
              "pending": false,
              "context": null,
              "code": "cy.readFile('./style.css').then(function (content) {\n  var styles = ['margin', 'padding', 'border'];\n  expect(styles.every(function (style) {\n    return content.match(style);\n  }), 'Do not match styles margin, padding and border').to.be[\"true\"];\n});",
              "err": {
                "message": "CypressError: `cy.visit()` failed trying to load:\n\n/\n\nWe failed looking for this file at the path:\n\n/home/leandro/trybe/projetos/projeto01/sd-016-b-project-lessons-learned/\n\nThe internal Cypress web server responded with:\n\n  > 404: Not Found\n\nBecause this error occurred during a `before each` hook we are skipping the remaining tests in the current suite: `13 - Utilize o Box model`",
                "estack": "CypressError: `cy.visit()` failed trying to load:\n\n/\n\nWe failed looking for this file at the path:\n\n/home/leandro/trybe/projetos/projeto01/sd-016-b-project-lessons-learned/\n\nThe internal Cypress web server responded with:\n\n  > 404: Not Found\n\nBecause this error occurred during a `before each` hook we are skipping the remaining tests in the current suite: `13 - Utilize o Box model`\n    at http://localhost:33307/__cypress/runner/cypress_runner.js:157791:25\n    at visitFailedByErr (http://localhost:33307/__cypress/runner/cypress_runner.js:157162:12)\n    at http://localhost:33307/__cypress/runner/cypress_runner.js:157771:13\n    at tryCatcher (http://localhost:33307/__cypress/runner/cypress_runner.js:10325:23)\n    at Promise._settlePromiseFromHandler (http://localhost:33307/__cypress/runner/cypress_runner.js:8260:31)\n    at Promise._settlePromise (http://localhost:33307/__cypress/runner/cypress_runner.js:8317:18)\n    at Promise._settlePromise0 (http://localhost:33307/__cypress/runner/cypress_runner.js:8362:10)\n    at Promise._settlePromises (http://localhost:33307/__cypress/runner/cypress_runner.js:8438:18)\n    at _drainQueueStep (http://localhost:33307/__cypress/runner/cypress_runner.js:5032:12)\n    at _drainQueue (http://localhost:33307/__cypress/runner/cypress_runner.js:5025:9)\n    at Async.../../node_modules/bluebird/js/release/async.js.Async._drainQueues (http://localhost:33307/__cypress/runner/cypress_runner.js:5041:5)\n    at Async.drainQueues (http://localhost:33307/__cypress/runner/cypress_runner.js:4911:14)\nFrom Your Spec Code:\n    at Context.eval (http://localhost:33307/__cypress/tests?p=cypress/integration/bonus.spec.js:153:8)",
                "diff": null
              },
              "uuid": "15fdc614-91c4-4e8c-b171-46752d2dd949",
              "parentUUID": "4306fb66-59d2-4098-9c3d-83fb50171e0b",
              "isHook": false,
              "skipped": false
            }
          ],
          "suites": [],
          "passes": [],
          "failures": [
            "15fdc614-91c4-4e8c-b171-46752d2dd949"
          ],
          "pending": [],
          "skipped": [],
          "duration": 165,
          "root": false,
          "rootEmpty": false,
          "_timeout": 2000
        },
        {
          "uuid": "f3a774f7-3290-4b02-8acd-27b695cba2d1",
          "title": "14 - Altere atributos relacionados as fontes",
          "fullFile": "",
          "file": "",
          "beforeHooks": [],
          "afterHooks": [],
          "tests": [
            {
              "title": "Altere o tamanho da letra",
              "fullTitle": "14 - Altere atributos relacionados as fontes Altere o tamanho da letra",
              "timedOut": null,
              "duration": 64,
              "state": "failed",
              "speed": null,
              "pass": false,
              "fail": true,
              "pending": false,
              "context": null,
              "code": "var styles = [/font:/, /font-size:/];\n(0, _ActionBase.verifyExistingStyle)(styles);",
              "err": {
                "message": "CypressError: `cy.visit()` failed trying to load:\n\n/\n\nWe failed looking for this file at the path:\n\n/home/leandro/trybe/projetos/projeto01/sd-016-b-project-lessons-learned/\n\nThe internal Cypress web server responded with:\n\n  > 404: Not Found\n\nBecause this error occurred during a `before each` hook we are skipping the remaining tests in the current suite: `14 - Altere atributos relac...`",
                "estack": "CypressError: `cy.visit()` failed trying to load:\n\n/\n\nWe failed looking for this file at the path:\n\n/home/leandro/trybe/projetos/projeto01/sd-016-b-project-lessons-learned/\n\nThe internal Cypress web server responded with:\n\n  > 404: Not Found\n\nBecause this error occurred during a `before each` hook we are skipping the remaining tests in the current suite: `14 - Altere atributos relac...`\n    at http://localhost:33307/__cypress/runner/cypress_runner.js:157791:25\n    at visitFailedByErr (http://localhost:33307/__cypress/runner/cypress_runner.js:157162:12)\n    at http://localhost:33307/__cypress/runner/cypress_runner.js:157771:13\n    at tryCatcher (http://localhost:33307/__cypress/runner/cypress_runner.js:10325:23)\n    at Promise._settlePromiseFromHandler (http://localhost:33307/__cypress/runner/cypress_runner.js:8260:31)\n    at Promise._settlePromise (http://localhost:33307/__cypress/runner/cypress_runner.js:8317:18)\n    at Promise._settlePromise0 (http://localhost:33307/__cypress/runner/cypress_runner.js:8362:10)\n    at Promise._settlePromises (http://localhost:33307/__cypress/runner/cypress_runner.js:8438:18)\n    at _drainQueueStep (http://localhost:33307/__cypress/runner/cypress_runner.js:5032:12)\n    at _drainQueue (http://localhost:33307/__cypress/runner/cypress_runner.js:5025:9)\n    at Async.../../node_modules/bluebird/js/release/async.js.Async._drainQueues (http://localhost:33307/__cypress/runner/cypress_runner.js:5041:5)\n    at Async.drainQueues (http://localhost:33307/__cypress/runner/cypress_runner.js:4911:14)\nFrom Your Spec Code:\n    at Context.eval (http://localhost:33307/__cypress/tests?p=cypress/integration/bonus.spec.js:166:8)",
                "diff": null
              },
              "uuid": "a8022412-6bff-485a-a128-6554d4ab128a",
              "parentUUID": "f3a774f7-3290-4b02-8acd-27b695cba2d1",
              "isHook": false,
              "skipped": false
            },
            {
              "title": "Altere a cor da letra",
              "fullTitle": "14 - Altere atributos relacionados as fontes Altere a cor da letra",
              "timedOut": null,
              "duration": 0,
              "state": "skipped",
              "speed": null,
              "pass": false,
              "fail": false,
              "pending": false,
              "context": null,
              "code": "var styles = [/font:/, /[^-]color:/];\n(0, _ActionBase.verifyExistingStyle)(styles);",
              "err": {},
              "uuid": "97adc0b5-7c26-47e0-ae60-f7eaf23a3231",
              "parentUUID": "f3a774f7-3290-4b02-8acd-27b695cba2d1",
              "isHook": false,
              "skipped": true
            },
            {
              "title": "Altere o espaçamento entre as linhas",
              "fullTitle": "14 - Altere atributos relacionados as fontes Altere o espaçamento entre as linhas",
              "timedOut": null,
              "duration": 0,
              "state": "skipped",
              "speed": null,
              "pass": false,
              "fail": false,
              "pending": false,
              "context": null,
              "code": "var styles = [/font:/, /line-height:/];\n(0, _ActionBase.verifyExistingStyle)(styles);",
              "err": {},
              "uuid": "f3cc0644-fb8a-4be3-8cf4-35559b243fc9",
              "parentUUID": "f3a774f7-3290-4b02-8acd-27b695cba2d1",
              "isHook": false,
              "skipped": true
            },
            {
              "title": "Altere o `font-family`",
              "fullTitle": "14 - Altere atributos relacionados as fontes Altere o `font-family`",
              "timedOut": null,
              "duration": 0,
              "state": "skipped",
              "speed": null,
              "pass": false,
              "fail": false,
              "pending": false,
              "context": null,
              "code": "var styles = [/font:/, /font-family:/];\n(0, _ActionBase.verifyExistingStyle)(styles);",
              "err": {},
              "uuid": "a5ee8bb2-d1b2-409b-9951-f0ca7a9bd5f4",
              "parentUUID": "f3a774f7-3290-4b02-8acd-27b695cba2d1",
              "isHook": false,
              "skipped": true
            }
          ],
          "suites": [],
          "passes": [],
          "failures": [
            "a8022412-6bff-485a-a128-6554d4ab128a"
          ],
          "pending": [],
          "skipped": [
            "97adc0b5-7c26-47e0-ae60-f7eaf23a3231",
            "f3cc0644-fb8a-4be3-8cf4-35559b243fc9",
            "a5ee8bb2-d1b2-409b-9951-f0ca7a9bd5f4"
          ],
          "duration": 64,
          "root": false,
          "rootEmpty": false,
          "_timeout": 2000
        },
        {
          "uuid": "12f9d780-317f-47fb-8275-daa5763369bf",
          "title": "15 - Posicione o seu artigo e a seção sobre aprendizados um ao lado do outro",
          "fullFile": "",
          "file": "",
          "beforeHooks": [],
          "afterHooks": [],
          "tests": [
            {
              "title": "Utilizar a classe \"lado-esquerdo\"",
              "fullTitle": "15 - Posicione o seu artigo e a seção sobre aprendizados um ao lado do outro Utilizar a classe \"lado-esquerdo\"",
              "timedOut": null,
              "duration": 69,
              "state": "failed",
              "speed": null,
              "pass": false,
              "fail": true,
              "pending": false,
              "context": null,
              "code": "(0, _ActionBase.shouldExist)('.lado-esquerdo');",
              "err": {
                "message": "CypressError: `cy.visit()` failed trying to load:\n\n/\n\nWe failed looking for this file at the path:\n\n/home/leandro/trybe/projetos/projeto01/sd-016-b-project-lessons-learned/\n\nThe internal Cypress web server responded with:\n\n  > 404: Not Found\n\nBecause this error occurred during a `before each` hook we are skipping the remaining tests in the current suite: `15 - Posicione o seu artigo...`",
                "estack": "CypressError: `cy.visit()` failed trying to load:\n\n/\n\nWe failed looking for this file at the path:\n\n/home/leandro/trybe/projetos/projeto01/sd-016-b-project-lessons-learned/\n\nThe internal Cypress web server responded with:\n\n  > 404: Not Found\n\nBecause this error occurred during a `before each` hook we are skipping the remaining tests in the current suite: `15 - Posicione o seu artigo...`\n    at http://localhost:33307/__cypress/runner/cypress_runner.js:157791:25\n    at visitFailedByErr (http://localhost:33307/__cypress/runner/cypress_runner.js:157162:12)\n    at http://localhost:33307/__cypress/runner/cypress_runner.js:157771:13\n    at tryCatcher (http://localhost:33307/__cypress/runner/cypress_runner.js:10325:23)\n    at Promise._settlePromiseFromHandler (http://localhost:33307/__cypress/runner/cypress_runner.js:8260:31)\n    at Promise._settlePromise (http://localhost:33307/__cypress/runner/cypress_runner.js:8317:18)\n    at Promise._settlePromise0 (http://localhost:33307/__cypress/runner/cypress_runner.js:8362:10)\n    at Promise._settlePromises (http://localhost:33307/__cypress/runner/cypress_runner.js:8438:18)\n    at _drainQueueStep (http://localhost:33307/__cypress/runner/cypress_runner.js:5032:12)\n    at _drainQueue (http://localhost:33307/__cypress/runner/cypress_runner.js:5025:9)\n    at Async.../../node_modules/bluebird/js/release/async.js.Async._drainQueues (http://localhost:33307/__cypress/runner/cypress_runner.js:5041:5)\n    at Async.drainQueues (http://localhost:33307/__cypress/runner/cypress_runner.js:4911:14)\nFrom Your Spec Code:\n    at Context.eval (http://localhost:33307/__cypress/tests?p=cypress/integration/bonus.spec.js:187:8)",
                "diff": null
              },
              "uuid": "aaf880b6-4afd-426c-a385-ae1f41ab630d",
              "parentUUID": "12f9d780-317f-47fb-8275-daa5763369bf",
              "isHook": false,
              "skipped": false
            },
            {
              "title": "Utilizar a classe \"lado-direito\"",
              "fullTitle": "15 - Posicione o seu artigo e a seção sobre aprendizados um ao lado do outro Utilizar a classe \"lado-direito\"",
              "timedOut": null,
              "duration": 0,
              "state": "skipped",
              "speed": null,
              "pass": false,
              "fail": false,
              "pending": false,
              "context": null,
              "code": "(0, _ActionBase.shouldExist)('.lado-direito');",
              "err": {},
              "uuid": "94dfceaf-bdbc-446c-bffa-25ff7231ff90",
              "parentUUID": "12f9d780-317f-47fb-8275-daa5763369bf",
              "isHook": false,
              "skipped": true
            },
            {
              "title": "Verificar se os elementos com as classes lado-direito e lado-esquerdo estão posicionados corretamente",
              "fullTitle": "15 - Posicione o seu artigo e a seção sobre aprendizados um ao lado do outro Verificar se os elementos com as classes lado-direito e lado-esquerdo estão posicionados corretamente",
              "timedOut": null,
              "duration": 0,
              "state": "skipped",
              "speed": null,
              "pass": false,
              "fail": false,
              "pending": false,
              "context": null,
              "code": "cy.document().then(function (doc) {\n  var leftSide = {\n    top: (0, _ActionBase.evaluateOffset)(doc, '.lado-esquerdo', 'Top'),\n    height: (0, _ActionBase.evaluateOffset)(doc, '.lado-esquerdo', 'Height')\n  };\n  var rightSide = {\n    top: (0, _ActionBase.evaluateOffset)(doc, '.lado-direito', 'Top'),\n    height: (0, _ActionBase.evaluateOffset)(doc, '.lado-direito', 'Height')\n  };\n  expect((0, _ActionBase.isSidebySide)(leftSide, rightSide), 'Not side by side. *hint - search for float, width and positioning properties to achieve this requirement*').to.be[\"true\"];\n});",
              "err": {},
              "uuid": "d44d85eb-1b36-4148-839a-12eafd71faba",
              "parentUUID": "12f9d780-317f-47fb-8275-daa5763369bf",
              "isHook": false,
              "skipped": true
            }
          ],
          "suites": [],
          "passes": [],
          "failures": [
            "aaf880b6-4afd-426c-a385-ae1f41ab630d"
          ],
          "pending": [],
          "skipped": [
            "94dfceaf-bdbc-446c-bffa-25ff7231ff90",
            "d44d85eb-1b36-4148-839a-12eafd71faba"
          ],
          "duration": 69,
          "root": false,
          "rootEmpty": false,
          "_timeout": 2000
        }
      ],
      "passes": [],
      "failures": [],
      "pending": [],
      "skipped": [],
      "duration": 0,
      "root": true,
      "rootEmpty": true,
      "_timeout": 2000
    }
  ],
  "meta": {
    "mocha": {
      "version": "7.0.1"
    },
    "mochawesome": {
      "options": {
        "quiet": false,
        "reportFilename": "mochawesome",
        "saveHtml": false,
        "saveJson": true,
        "consoleReporter": "spec",
        "useInlineDiffs": false
      },
      "version": "4.1.0"
    },
    "marge": {
      "options": {
        "id": "default",
        "reportDir": "cypress/reports",
        "overwrite": false,
        "html": false,
        "json": true
      },
      "version": "4.1.0"
    }
  }
}