{
  "stats": {
    "suites": 11,
    "tests": 22,
    "passes": 19,
    "pending": 0,
    "failures": 3,
    "start": "2021-08-25T13:00:21.538Z",
    "end": "2021-08-25T13:00:48.223Z",
    "duration": 26685,
    "testsRegistered": 22,
    "passPercent": 86.36363636363636,
    "pendingPercent": 0,
    "other": 0,
    "hasOther": false,
    "skipped": 0,
    "hasSkipped": false
  },
  "results": [
    {
      "uuid": "1adadda7-d408-44c9-b3d1-8eae76b0a585",
      "title": "",
      "fullFile": "cypress/integration/project.spec.js",
      "file": "cypress/integration/project.spec.js",
      "beforeHooks": [],
      "afterHooks": [],
      "tests": [],
      "suites": [
        {
          "uuid": "3a5f022e-1d6a-4eaf-a707-6ea03e7a9dc1",
          "title": "1 - Adicione uma cor de fundo específica para a página",
          "fullFile": "",
          "file": "",
          "beforeHooks": [],
          "afterHooks": [],
          "tests": [
            {
              "title": "Possuir cor de fundo: rgb(253, 251, 251)",
              "fullTitle": "1 - Adicione uma cor de fundo específica para a página Possuir cor de fundo: rgb(253, 251, 251)",
              "timedOut": null,
              "duration": 135,
              "state": "passed",
              "speed": "slow",
              "pass": true,
              "fail": false,
              "pending": false,
              "context": null,
              "code": "cy.get('body').should('have.css', 'backgroundColor', 'rgb(253, 251, 251)');",
              "err": {},
              "uuid": "7fe3f53a-ddd8-4011-88e1-90463e473238",
              "parentUUID": "3a5f022e-1d6a-4eaf-a707-6ea03e7a9dc1",
              "isHook": false,
              "skipped": false
            }
          ],
          "suites": [],
          "passes": [
            "7fe3f53a-ddd8-4011-88e1-90463e473238"
          ],
          "failures": [],
          "pending": [],
          "skipped": [],
          "duration": 135,
          "root": false,
          "rootEmpty": false,
          "_timeout": 2000
        },
        {
          "uuid": "829f7824-7f64-4836-a9c7-47669d06866d",
          "title": "2 - Adicione uma barra superior com um título",
          "fullFile": "",
          "file": "",
          "beforeHooks": [],
          "afterHooks": [],
          "tests": [
            {
              "title": "A barra deve possuir o ID \"cabecalho\"",
              "fullTitle": "2 - Adicione uma barra superior com um título A barra deve possuir o ID \"cabecalho\"",
              "timedOut": null,
              "duration": 102,
              "state": "passed",
              "speed": "slow",
              "pass": true,
              "fail": false,
              "pending": false,
              "context": null,
              "code": "(0, _ActionBase.shouldExist)('#cabecalho');",
              "err": {},
              "uuid": "fec7c74c-3b47-4395-8bd7-6d3a84a5c143",
              "parentUUID": "829f7824-7f64-4836-a9c7-47669d06866d",
              "isHook": false,
              "skipped": false
            },
            {
              "title": "A barra superior deve ser fixa no topo da página, com a propriedade top tendo o valor `0`",
              "fullTitle": "2 - Adicione uma barra superior com um título A barra superior deve ser fixa no topo da página, com a propriedade top tendo o valor `0`",
              "timedOut": null,
              "duration": 110,
              "state": "passed",
              "speed": "slow",
              "pass": true,
              "fail": false,
              "pending": false,
              "context": null,
              "code": "cy.get('#cabecalho').should('have.css', 'position', 'fixed').should('have.css', 'top', '0px');",
              "err": {},
              "uuid": "3de5fbfb-0fc0-40ab-8759-fa32edeb6a60",
              "parentUUID": "829f7824-7f64-4836-a9c7-47669d06866d",
              "isHook": false,
              "skipped": false
            },
            {
              "title": "O título deve estar dentro da barra e possuir o ID \"titulo\", além de ser uma tag \"h1\"",
              "fullTitle": "2 - Adicione uma barra superior com um título O título deve estar dentro da barra e possuir o ID \"titulo\", além de ser uma tag \"h1\"",
              "timedOut": null,
              "duration": 92,
              "state": "passed",
              "speed": "slow",
              "pass": true,
              "fail": false,
              "pending": false,
              "context": null,
              "code": "(0, _ActionBase.shouldExist)('#cabecalho h1#titulo');",
              "err": {},
              "uuid": "9971c457-968b-4a96-b638-c95544febaf7",
              "parentUUID": "829f7824-7f64-4836-a9c7-47669d06866d",
              "isHook": false,
              "skipped": false
            }
          ],
          "suites": [],
          "passes": [
            "fec7c74c-3b47-4395-8bd7-6d3a84a5c143",
            "3de5fbfb-0fc0-40ab-8759-fa32edeb6a60",
            "9971c457-968b-4a96-b638-c95544febaf7"
          ],
          "failures": [],
          "pending": [],
          "skipped": [],
          "duration": 304,
          "root": false,
          "rootEmpty": false,
          "_timeout": 2000
        },
        {
          "uuid": "da09a43f-0e9e-481e-b5e0-bc3d56c2730f",
          "title": "3 - Adicione uma foto sua à página",
          "fullFile": "",
          "file": "",
          "beforeHooks": [],
          "afterHooks": [],
          "tests": [
            {
              "title": "A foto deve ser inserida utilizando uma tag img com o ID \"minha_foto\"",
              "fullTitle": "3 - Adicione uma foto sua à página A foto deve ser inserida utilizando uma tag img com o ID \"minha_foto\"",
              "timedOut": null,
              "duration": 118,
              "state": "passed",
              "speed": "slow",
              "pass": true,
              "fail": false,
              "pending": false,
              "context": null,
              "code": "cy.get('img#minha_foto').should('have.attr', 'src');",
              "err": {},
              "uuid": "402b0508-4400-492d-aee2-c16023321a02",
              "parentUUID": "da09a43f-0e9e-481e-b5e0-bc3d56c2730f",
              "isHook": false,
              "skipped": false
            }
          ],
          "suites": [],
          "passes": [
            "402b0508-4400-492d-aee2-c16023321a02"
          ],
          "failures": [],
          "pending": [],
          "skipped": [],
          "duration": 118,
          "root": false,
          "rootEmpty": false,
          "_timeout": 2000
        },
        {
          "uuid": "b292291f-9e6c-464b-878a-c952b3cf036d",
          "title": "4 - Adicione uma lista de lições aprendidas à página",
          "fullFile": "",
          "file": "",
          "beforeHooks": [],
          "afterHooks": [],
          "tests": [
            {
              "title": "A lista deve ser numerada e possuir o ID \"licoes_aprendidas\"",
              "fullTitle": "4 - Adicione uma lista de lições aprendidas à página A lista deve ser numerada e possuir o ID \"licoes_aprendidas\"",
              "timedOut": null,
              "duration": 124,
              "state": "passed",
              "speed": "slow",
              "pass": true,
              "fail": false,
              "pending": false,
              "context": null,
              "code": "(0, _ActionBase.shouldExist)('ol#licoes_aprendidas');",
              "err": {},
              "uuid": "ce089920-1c20-4189-8dad-365f9dc1de9a",
              "parentUUID": "b292291f-9e6c-464b-878a-c952b3cf036d",
              "isHook": false,
              "skipped": false
            },
            {
              "title": "A lista deve possuir 10 itens",
              "fullTitle": "4 - Adicione uma lista de lições aprendidas à página A lista deve possuir 10 itens",
              "timedOut": null,
              "duration": 142,
              "state": "passed",
              "speed": "slow",
              "pass": true,
              "fail": false,
              "pending": false,
              "context": null,
              "code": "cy.get('ol#licoes_aprendidas').find('li').should('have.length', 10);",
              "err": {},
              "uuid": "65e048e8-a4b9-4c94-bba4-ee671ba41237",
              "parentUUID": "b292291f-9e6c-464b-878a-c952b3cf036d",
              "isHook": false,
              "skipped": false
            }
          ],
          "suites": [],
          "passes": [
            "ce089920-1c20-4189-8dad-365f9dc1de9a",
            "65e048e8-a4b9-4c94-bba4-ee671ba41237"
          ],
          "failures": [],
          "pending": [],
          "skipped": [],
          "duration": 266,
          "root": false,
          "rootEmpty": false,
          "_timeout": 2000
        },
        {
          "uuid": "ddca1bee-90be-4256-b7e6-e24ecfad1c29",
          "title": "5 - Crie uma lista de lições que ainda deseja aprender para a página",
          "fullFile": "",
          "file": "",
          "beforeHooks": [],
          "afterHooks": [],
          "tests": [
            {
              "title": "A lista não deve ser numerada e deve possuir o ID \"licoes_a_aprender\"",
              "fullTitle": "5 - Crie uma lista de lições que ainda deseja aprender para a página A lista não deve ser numerada e deve possuir o ID \"licoes_a_aprender\"",
              "timedOut": null,
              "duration": 114,
              "state": "passed",
              "speed": "slow",
              "pass": true,
              "fail": false,
              "pending": false,
              "context": null,
              "code": "(0, _ActionBase.shouldExist)('ul#licoes_a_aprender');",
              "err": {},
              "uuid": "70c427f1-5ed6-4be0-9165-663dd3eab0d1",
              "parentUUID": "ddca1bee-90be-4256-b7e6-e24ecfad1c29",
              "isHook": false,
              "skipped": false
            },
            {
              "title": "A lista deve possuir 10 itens",
              "fullTitle": "5 - Crie uma lista de lições que ainda deseja aprender para a página A lista deve possuir 10 itens",
              "timedOut": null,
              "duration": 139,
              "state": "passed",
              "speed": "slow",
              "pass": true,
              "fail": false,
              "pending": false,
              "context": null,
              "code": "cy.get('ul#licoes_a_aprender').find('li').should('have.length', 10);",
              "err": {},
              "uuid": "e3093990-2d5e-4f34-b74b-6f8bc92e53d5",
              "parentUUID": "ddca1bee-90be-4256-b7e6-e24ecfad1c29",
              "isHook": false,
              "skipped": false
            }
          ],
          "suites": [],
          "passes": [
            "70c427f1-5ed6-4be0-9165-663dd3eab0d1",
            "e3093990-2d5e-4f34-b74b-6f8bc92e53d5"
          ],
          "failures": [],
          "pending": [],
          "skipped": [],
          "duration": 253,
          "root": false,
          "rootEmpty": false,
          "_timeout": 2000
        },
        {
          "uuid": "20d82cbf-87b1-4463-a633-20b507dd1eb1",
          "title": "6 - Adicione um rodapé para a página",
          "fullFile": "",
          "file": "",
          "beforeHooks": [],
          "afterHooks": [],
          "tests": [
            {
              "title": "O rodapé deve possuir o ID \"rodape\"",
              "fullTitle": "6 - Adicione um rodapé para a página O rodapé deve possuir o ID \"rodape\"",
              "timedOut": null,
              "duration": 120,
              "state": "passed",
              "speed": "slow",
              "pass": true,
              "fail": false,
              "pending": false,
              "context": null,
              "code": "cy.get('footer#rodape').should('exist');",
              "err": {},
              "uuid": "07d8f914-4c9a-400a-b2c1-3de1bca06e2e",
              "parentUUID": "20d82cbf-87b1-4463-a633-20b507dd1eb1",
              "isHook": false,
              "skipped": false
            }
          ],
          "suites": [],
          "passes": [
            "07d8f914-4c9a-400a-b2c1-3de1bca06e2e"
          ],
          "failures": [],
          "pending": [],
          "skipped": [],
          "duration": 120,
          "root": false,
          "rootEmpty": false,
          "_timeout": 2000
        },
        {
          "uuid": "996adfcc-a109-4895-b5e0-964e91bfca87",
          "title": "7 - Insira pelo menos um link externo na página",
          "fullFile": "",
          "file": "",
          "beforeHooks": [],
          "afterHooks": [],
          "tests": [
            {
              "title": "A configuração desse link deve ser feita para abrir em uma nova aba do navegador",
              "fullTitle": "7 - Insira pelo menos um link externo na página A configuração desse link deve ser feita para abrir em uma nova aba do navegador",
              "timedOut": null,
              "duration": 112,
              "state": "passed",
              "speed": "slow",
              "pass": true,
              "fail": false,
              "pending": false,
              "context": null,
              "code": "cy.get('a').then(function (a) {\n  var actual = Array.from(a).some(function (element) {\n    return element.target === '_blank' && element.href !== '';\n  });\n  expect(actual).to.be[\"true\"];\n});",
              "err": {},
              "uuid": "c76da184-b13f-4bfb-ae69-2ea70d378902",
              "parentUUID": "996adfcc-a109-4895-b5e0-964e91bfca87",
              "isHook": false,
              "skipped": false
            }
          ],
          "suites": [],
          "passes": [
            "c76da184-b13f-4bfb-ae69-2ea70d378902"
          ],
          "failures": [],
          "pending": [],
          "skipped": [],
          "duration": 112,
          "root": false,
          "rootEmpty": false,
          "_timeout": 2000
        },
        {
          "uuid": "1e240cd8-67b8-41c9-be8e-5ea3b9fa4279",
          "title": "8 - Crie um artigo sobre seu aprendizado",
          "fullFile": "",
          "file": "",
          "beforeHooks": [],
          "afterHooks": [],
          "tests": [
            {
              "title": "A `tag` `article` devem ser utilizadas",
              "fullTitle": "8 - Crie um artigo sobre seu aprendizado A `tag` `article` devem ser utilizadas",
              "timedOut": null,
              "duration": 150,
              "state": "passed",
              "speed": "slow",
              "pass": true,
              "fail": false,
              "pending": false,
              "context": null,
              "code": "(0, _ActionBase.shouldExist)('article');",
              "err": {},
              "uuid": "65e90523-2a9e-44c3-b3a4-0bb4c0c40240",
              "parentUUID": "1e240cd8-67b8-41c9-be8e-5ea3b9fa4279",
              "isHook": false,
              "skipped": false
            },
            {
              "title": "O artigo deve ter mais de 300 caracteres e menos de 600",
              "fullTitle": "8 - Crie um artigo sobre seu aprendizado O artigo deve ter mais de 300 caracteres e menos de 600",
              "timedOut": null,
              "duration": 132,
              "state": "failed",
              "speed": null,
              "pass": false,
              "fail": true,
              "pending": false,
              "context": null,
              "code": "cy.get('article').invoke('text').then(function (text) {\n  expect(text).to.have.length.of.at.most(600);\n  expect(text).to.have.length.of.at.above(300);\n});",
              "err": {
                "message": "AssertionError: expected '\\n\\t\\t\\t\\tEstudar na Trybe\\n\\t\\t\\t\\t\\tFalta palavras para descrever o aprendizado com a Trybe. Então exemplifico dizendo que tem gosto de comer pão de queijo em uma varanda bem ventilada em um dia de férias. Eu disse férias? Sim, mas não confunda com pouco trabalho! Não tem essa de deixar para depois as tarefas diárias. Cada dia é repleto de novos conteúdos de hard skills e soft skills - o aprendizado não para!E onde entra o pão de queijo? A Trybe tem uma equipe fenomenal que facilita as coisas de um jeito incrível. Posso citar sua organização e condução, mas nada descreve a maneira como te fazem se sentir em sentir em casa.\\n\\t\\t\\t' to have a length at most 600 but got 625",
                "estack": "AssertionError: expected '\\n\\t\\t\\t\\tEstudar na Trybe\\n\\t\\t\\t\\t\\tFalta palavras para descrever o aprendizado com a Trybe. Então exemplifico dizendo que tem gosto de comer pão de queijo em uma varanda bem ventilada em um dia de férias. Eu disse férias? Sim, mas não confunda com pouco trabalho! Não tem essa de deixar para depois as tarefas diárias. Cada dia é repleto de novos conteúdos de hard skills e soft skills - o aprendizado não para!E onde entra o pão de queijo? A Trybe tem uma equipe fenomenal que facilita as coisas de um jeito incrível. Posso citar sua organização e condução, mas nada descreve a maneira como te fazem se sentir em sentir em casa.\\n\\t\\t\\t' to have a length at most 600 but got 625\n    at Context.eval (http://localhost:40299/__cypress/tests?p=cypress/integration/project.spec.js:225:41)",
                "diff": "- 625\n+ 600\n"
              },
              "uuid": "2a3a059a-eb4f-4f67-880f-67bfe04f5d5d",
              "parentUUID": "1e240cd8-67b8-41c9-be8e-5ea3b9fa4279",
              "isHook": false,
              "skipped": false
            }
          ],
          "suites": [],
          "passes": [
            "65e90523-2a9e-44c3-b3a4-0bb4c0c40240"
          ],
          "failures": [
            "2a3a059a-eb4f-4f67-880f-67bfe04f5d5d"
          ],
          "pending": [],
          "skipped": [],
          "duration": 282,
          "root": false,
          "rootEmpty": false,
          "_timeout": 2000
        },
        {
          "uuid": "94d57b3d-b56c-458e-9031-818c3593e371",
          "title": "9 - Crie uma seção que conta uma passagem sobre seu aprendizado",
          "fullFile": "",
          "file": "",
          "beforeHooks": [],
          "afterHooks": [],
          "tests": [
            {
              "title": "A `tag` `aside` deve ser utilizada",
              "fullTitle": "9 - Crie uma seção que conta uma passagem sobre seu aprendizado A `tag` `aside` deve ser utilizada",
              "timedOut": null,
              "duration": 116,
              "state": "passed",
              "speed": "slow",
              "pass": true,
              "fail": false,
              "pending": false,
              "context": null,
              "code": "(0, _ActionBase.shouldExist)('aside');",
              "err": {},
              "uuid": "adb96d46-d124-466f-9e07-c85ba12f8cc0",
              "parentUUID": "94d57b3d-b56c-458e-9031-818c3593e371",
              "isHook": false,
              "skipped": false
            },
            {
              "title": "A seção deve ter mais que 100 caracteres e menos que 300",
              "fullTitle": "9 - Crie uma seção que conta uma passagem sobre seu aprendizado A seção deve ter mais que 100 caracteres e menos que 300",
              "timedOut": null,
              "duration": 116,
              "state": "passed",
              "speed": "slow",
              "pass": true,
              "fail": false,
              "pending": false,
              "context": null,
              "code": "cy.get('aside').invoke('text').then(function (text) {\n  expect(text).to.have.length.of.at.above(100);\n  expect(text).to.have.length.of.at.most(300);\n});",
              "err": {},
              "uuid": "984d77ae-af5f-4b51-b50b-44a4ddbdc197",
              "parentUUID": "94d57b3d-b56c-458e-9031-818c3593e371",
              "isHook": false,
              "skipped": false
            }
          ],
          "suites": [],
          "passes": [
            "adb96d46-d124-466f-9e07-c85ba12f8cc0",
            "984d77ae-af5f-4b51-b50b-44a4ddbdc197"
          ],
          "failures": [],
          "pending": [],
          "skipped": [],
          "duration": 232,
          "root": false,
          "rootEmpty": false,
          "_timeout": 2000
        },
        {
          "uuid": "c0c35970-a31d-4191-9699-4e2b3842903b",
          "title": "10 - Aplique elementos HTML de acordo com o sentido e propósito de cada um deles",
          "fullFile": "",
          "file": "",
          "beforeHooks": [],
          "afterHooks": [],
          "tests": [
            {
              "title": "Validar se a página possui um elemento \"article\"",
              "fullTitle": "10 - Aplique elementos HTML de acordo com o sentido e propósito de cada um deles Validar se a página possui um elemento \"article\"",
              "timedOut": null,
              "duration": 119,
              "state": "passed",
              "speed": "slow",
              "pass": true,
              "fail": false,
              "pending": false,
              "context": null,
              "code": "(0, _ActionBase.shouldExist)('article');",
              "err": {},
              "uuid": "cfbcb475-f397-4a8b-ab65-7c904352bd80",
              "parentUUID": "c0c35970-a31d-4191-9699-4e2b3842903b",
              "isHook": false,
              "skipped": false
            },
            {
              "title": "Validar se a página possui um elemento \"header\"",
              "fullTitle": "10 - Aplique elementos HTML de acordo com o sentido e propósito de cada um deles Validar se a página possui um elemento \"header\"",
              "timedOut": null,
              "duration": 114,
              "state": "passed",
              "speed": "slow",
              "pass": true,
              "fail": false,
              "pending": false,
              "context": null,
              "code": "(0, _ActionBase.shouldExist)('header');",
              "err": {},
              "uuid": "30602f26-418f-42c4-95d3-e81197104b19",
              "parentUUID": "c0c35970-a31d-4191-9699-4e2b3842903b",
              "isHook": false,
              "skipped": false
            },
            {
              "title": "Validar se a página possui um elemento \"nav\"",
              "fullTitle": "10 - Aplique elementos HTML de acordo com o sentido e propósito de cada um deles Validar se a página possui um elemento \"nav\"",
              "timedOut": null,
              "duration": 10105,
              "state": "failed",
              "speed": null,
              "pass": false,
              "fail": true,
              "pending": false,
              "context": null,
              "code": "(0, _ActionBase.shouldExist)('nav');",
              "err": {
                "message": "AssertionError: Timed out retrying: Expected to find element: `nav`, but never found it.",
                "estack": "AssertionError: Timed out retrying: Expected to find element: `nav`, but never found it.\n    at shouldExist (http://localhost:40299/__cypress/tests?p=cypress/integration/project.spec.js:108:20)\n    at Context.eval (http://localhost:40299/__cypress/tests?p=cypress/integration/project.spec.js:255:33)",
                "diff": null
              },
              "uuid": "3b67137b-4e45-4d71-8d92-71dfa01e0d40",
              "parentUUID": "c0c35970-a31d-4191-9699-4e2b3842903b",
              "isHook": false,
              "skipped": false
            },
            {
              "title": "Validar se a página possui um elemento \"section\"",
              "fullTitle": "10 - Aplique elementos HTML de acordo com o sentido e propósito de cada um deles Validar se a página possui um elemento \"section\"",
              "timedOut": null,
              "duration": 10118,
              "state": "failed",
              "speed": null,
              "pass": false,
              "fail": true,
              "pending": false,
              "context": null,
              "code": "(0, _ActionBase.shouldExist)('section');",
              "err": {
                "message": "AssertionError: Timed out retrying: Expected to find element: `section`, but never found it.",
                "estack": "AssertionError: Timed out retrying: Expected to find element: `section`, but never found it.\n    at shouldExist (http://localhost:40299/__cypress/tests?p=cypress/integration/project.spec.js:108:20)\n    at Context.eval (http://localhost:40299/__cypress/tests?p=cypress/integration/project.spec.js:258:33)",
                "diff": null
              },
              "uuid": "fd77000b-3e91-4477-a798-7b8b59aad311",
              "parentUUID": "c0c35970-a31d-4191-9699-4e2b3842903b",
              "isHook": false,
              "skipped": false
            },
            {
              "title": "Validar se a página possui um elemento \"aside\"",
              "fullTitle": "10 - Aplique elementos HTML de acordo com o sentido e propósito de cada um deles Validar se a página possui um elemento \"aside\"",
              "timedOut": null,
              "duration": 178,
              "state": "passed",
              "speed": "slow",
              "pass": true,
              "fail": false,
              "pending": false,
              "context": null,
              "code": "(0, _ActionBase.shouldExist)('aside');",
              "err": {},
              "uuid": "6d9fd517-f5d5-4be6-ba83-25c8da38492a",
              "parentUUID": "c0c35970-a31d-4191-9699-4e2b3842903b",
              "isHook": false,
              "skipped": false
            },
            {
              "title": "Validar se a página possui um elemento \"footer\"",
              "fullTitle": "10 - Aplique elementos HTML de acordo com o sentido e propósito de cada um deles Validar se a página possui um elemento \"footer\"",
              "timedOut": null,
              "duration": 114,
              "state": "passed",
              "speed": "slow",
              "pass": true,
              "fail": false,
              "pending": false,
              "context": null,
              "code": "(0, _ActionBase.shouldExist)('footer');",
              "err": {},
              "uuid": "4ebe25fd-f2b7-4adf-90ca-db3411d01855",
              "parentUUID": "c0c35970-a31d-4191-9699-4e2b3842903b",
              "isHook": false,
              "skipped": false
            }
          ],
          "suites": [],
          "passes": [
            "cfbcb475-f397-4a8b-ab65-7c904352bd80",
            "30602f26-418f-42c4-95d3-e81197104b19",
            "6d9fd517-f5d5-4be6-ba83-25c8da38492a",
            "4ebe25fd-f2b7-4adf-90ca-db3411d01855"
          ],
          "failures": [
            "3b67137b-4e45-4d71-8d92-71dfa01e0d40",
            "fd77000b-3e91-4477-a798-7b8b59aad311"
          ],
          "pending": [],
          "skipped": [],
          "duration": 20748,
          "root": false,
          "rootEmpty": false,
          "_timeout": 2000
        },
        {
          "uuid": "eb92cb89-6d65-40f8-8131-4622ba51bfce",
          "title": "11 - Teste a semântica da sua página está aprovada pelo site CodeSniffer",
          "fullFile": "",
          "file": "",
          "beforeHooks": [],
          "afterHooks": [],
          "tests": [
            {
              "title": "Seu site deve passar sem problemas na verificação de semântica do site CodeSniffer",
              "fullTitle": "11 - Teste a semântica da sua página está aprovada pelo site CodeSniffer Seu site deve passar sem problemas na verificação de semântica do site CodeSniffer",
              "timedOut": null,
              "duration": 1883,
              "state": "passed",
              "speed": "slow",
              "pass": true,
              "fail": false,
              "pending": false,
              "context": null,
              "code": "cy.readFile('./index.html').then(function (content) {\n  cy.visit('http://squizlabs.github.io/HTML_CodeSniffer/');\n  cy.get('#runHTMLCS').click();\n  cy.get('#source').invoke('val', content).trigger('input');\n  cy.get('#run-button').click();\n  cy.get('.result-count-errors').contains(/^0$/);\n});",
              "err": {},
              "uuid": "a4811542-9ada-4741-9f49-c1b6c0baa76d",
              "parentUUID": "eb92cb89-6d65-40f8-8131-4622ba51bfce",
              "isHook": false,
              "skipped": false
            }
          ],
          "suites": [],
          "passes": [
            "a4811542-9ada-4741-9f49-c1b6c0baa76d"
          ],
          "failures": [],
          "pending": [],
          "skipped": [],
          "duration": 1883,
          "root": false,
          "rootEmpty": false,
          "_timeout": 2000
        }
      ],
      "passes": [],
      "failures": [],
      "pending": [],
      "skipped": [],
      "duration": 0,
      "root": true,
      "rootEmpty": true,
      "_timeout": 2000
    }
  ],
  "meta": {
    "mocha": {
      "version": "7.0.1"
    },
    "mochawesome": {
      "options": {
        "quiet": false,
        "reportFilename": "mochawesome",
        "saveHtml": false,
        "saveJson": true,
        "consoleReporter": "spec",
        "useInlineDiffs": false
      },
      "version": "4.1.0"
    },
    "marge": {
      "options": {
        "id": "default",
        "reportDir": "cypress/reports",
        "overwrite": false,
        "html": false,
        "json": true
      },
      "version": "4.1.0"
    }
  }
}